<?xml version="1.0" encoding="UTF-8"?>
<testsuite xmlns:xsi="http://www.w3.org/2001/XMLSchema-instance" xsi:noNamespaceSchemaLocation="https://maven.apache.org/surefire/maven-surefire-plugin/xsd/surefire-test-report-3.0.xsd" version="3.0" name="com.example.OrderServiceRefactorTest" time="0.107" tests="9" errors="0" skipped="0" failures="0">
  <properties>
    <property name="java.specification.version" value="17"/>
    <property name="sun.cpu.isalist" value="amd64"/>
    <property name="sonar.login" value="sqa_a33bb6fd4b95ceb6a2f912445b173b7d81ae8111"/>
    <property name="sonar.host.url" value="http://localhost:9000"/>
    <property name="sun.jnu.encoding" value="Cp1252"/>
    <property name="java.class.path" value="C:\Users\CLIENTE\Desktop\tp05_projects\java_project\target\test-classes;C:\Users\CLIENTE\Desktop\tp05_projects\java_project\target\classes;C:\Users\CLIENTE\.m2\repository\org\junit\jupiter\junit-jupiter\5.10.2\junit-jupiter-5.10.2.jar;C:\Users\CLIENTE\.m2\repository\org\junit\jupiter\junit-jupiter-api\5.10.2\junit-jupiter-api-5.10.2.jar;C:\Users\CLIENTE\.m2\repository\org\opentest4j\opentest4j\1.3.0\opentest4j-1.3.0.jar;C:\Users\CLIENTE\.m2\repository\org\junit\platform\junit-platform-commons\1.10.2\junit-platform-commons-1.10.2.jar;C:\Users\CLIENTE\.m2\repository\org\apiguardian\apiguardian-api\1.1.2\apiguardian-api-1.1.2.jar;C:\Users\CLIENTE\.m2\repository\org\junit\jupiter\junit-jupiter-params\5.10.2\junit-jupiter-params-5.10.2.jar;C:\Users\CLIENTE\.m2\repository\org\junit\jupiter\junit-jupiter-engine\5.10.2\junit-jupiter-engine-5.10.2.jar;C:\Users\CLIENTE\.m2\repository\org\junit\platform\junit-platform-engine\1.10.2\junit-platform-engine-1.10.2.jar;"/>
    <property name="java.vm.vendor" value="Oracle Corporation"/>
    <property name="sun.arch.data.model" value="64"/>
    <property name="user.variant" value=""/>
    <property name="java.vendor.url" value="https://java.oracle.com/"/>
    <property name="user.timezone" value="America/Sao_Paulo"/>
    <property name="os.name" value="Windows 11"/>
    <property name="java.vm.specification.version" value="17"/>
    <property name="sun.java.launcher" value="SUN_STANDARD"/>
    <property name="user.country" value="US"/>
    <property name="sun.boot.library.path" value="C:\Program Files\Java\jdk-17\bin"/>
    <property name="sun.java.command" value="C:\Users\CLIENTE\AppData\Local\Temp\surefire2645147947175814268\surefirebooter-20251001230745988_3.jar C:\Users\CLIENTE\AppData\Local\Temp\surefire2645147947175814268 2025-10-01T23-07-45_879-jvmRun1 surefire-20251001230745988_1tmp surefire_0-20251001230745988_2tmp"/>
    <property name="jdk.debug" value="release"/>
    <property name="surefire.test.class.path" value="C:\Users\CLIENTE\Desktop\tp05_projects\java_project\target\test-classes;C:\Users\CLIENTE\Desktop\tp05_projects\java_project\target\classes;C:\Users\CLIENTE\.m2\repository\org\junit\jupiter\junit-jupiter\5.10.2\junit-jupiter-5.10.2.jar;C:\Users\CLIENTE\.m2\repository\org\junit\jupiter\junit-jupiter-api\5.10.2\junit-jupiter-api-5.10.2.jar;C:\Users\CLIENTE\.m2\repository\org\opentest4j\opentest4j\1.3.0\opentest4j-1.3.0.jar;C:\Users\CLIENTE\.m2\repository\org\junit\platform\junit-platform-commons\1.10.2\junit-platform-commons-1.10.2.jar;C:\Users\CLIENTE\.m2\repository\org\apiguardian\apiguardian-api\1.1.2\apiguardian-api-1.1.2.jar;C:\Users\CLIENTE\.m2\repository\org\junit\jupiter\junit-jupiter-params\5.10.2\junit-jupiter-params-5.10.2.jar;C:\Users\CLIENTE\.m2\repository\org\junit\jupiter\junit-jupiter-engine\5.10.2\junit-jupiter-engine-5.10.2.jar;C:\Users\CLIENTE\.m2\repository\org\junit\platform\junit-platform-engine\1.10.2\junit-platform-engine-1.10.2.jar;"/>
    <property name="sun.cpu.endian" value="little"/>
    <property name="user.home" value="C:\Users\CLIENTE"/>
    <property name="user.language" value="en"/>
    <property name="java.specification.vendor" value="Oracle Corporation"/>
    <property name="java.version.date" value="2024-07-16"/>
    <property name="java.home" value="C:\Program Files\Java\jdk-17"/>
    <property name="file.separator" value="\"/>
    <property name="basedir" value="C:\Users\CLIENTE\Desktop\tp05_projects\java_project"/>
    <property name="java.vm.compressedOopsMode" value="Zero based"/>
    <property name="line.separator" value="&#10;"/>
    <property name="java.vm.specification.vendor" value="Oracle Corporation"/>
    <property name="java.specification.name" value="Java Platform API Specification"/>
    <property name="surefire.real.class.path" value="C:\Users\CLIENTE\AppData\Local\Temp\surefire2645147947175814268\surefirebooter-20251001230745988_3.jar"/>
    <property name="user.script" value=""/>
    <property name="sun.management.compiler" value="HotSpot 64-Bit Tiered Compilers"/>
    <property name="java.runtime.version" value="17.0.12+8-LTS-286"/>
    <property name="user.name" value="CLIENTE"/>
    <property name="path.separator" value=";"/>
    <property name="os.version" value="10.0"/>
    <property name="java.runtime.name" value="Java(TM) SE Runtime Environment"/>
    <property name="file.encoding" value="Cp1252"/>
    <property name="java.vm.name" value="Java HotSpot(TM) 64-Bit Server VM"/>
    <property name="localRepository" value="C:\Users\CLIENTE\.m2\repository"/>
    <property name="java.vendor.url.bug" value="https://bugreport.java.com/bugreport/"/>
    <property name="java.io.tmpdir" value="C:\Users\CLIENTE\AppData\Local\Temp\"/>
    <property name="java.version" value="17.0.12"/>
    <property name="user.dir" value="C:\Users\CLIENTE\Desktop\tp05_projects\java_project"/>
    <property name="os.arch" value="amd64"/>
    <property name="java.vm.specification.name" value="Java Virtual Machine Specification"/>
    <property name="sun.os.patch.level" value=""/>
    <property name="native.encoding" value="Cp1252"/>
    <property name="sonar.projectKey" value="tp05-java-refactor"/>
    <property name="java.library.path" value="C:\Program Files\Java\jdk-17\bin;C:\WINDOWS\Sun\Java\bin;C:\WINDOWS\system32;C:\WINDOWS;C:\Program Files\Common Files\Oracle\Java\javapath;C:\Program Files (x86)\Common Files\Oracle\Java\java8path;C:\Program Files (x86)\Common Files\Oracle\Java\javapath;C:\WINDOWS\system32;C:\WINDOWS;C:\WINDOWS\System32\Wbem;C:\WINDOWS\System32\WindowsPowerShell\v1.0\;C:\WINDOWS\System32\OpenSSH\;C:\Program Files\nodejs\;C:\Program Files\Git\cmd;C:\Program Files\dotnet\;C:\Program Files\Docker\Docker\resources\bin;C:\Users\CLIENTE\AppData\Local\Programs\Python\Python313\Scripts\;C:\Users\CLIENTE\AppData\Local\Programs\Python\Python313\;C:\Users\CLIENTE\AppData\Local\Microsoft\WindowsApps;C:\Users\CLIENTE\AppData\Roaming\npm;C:\Users\CLIENTE\AppData\Local\Programs\Microsoft VS Code\bin;C:\Users\CLIENTE\AppData\Local\flutter\bin;C:\Users\CLIENTE\AppData\Local\Android\Sdk\cmdline-tools\latest\bin;C:\Users\CLIENTE\AppData\Local\Android\Sdk\platform-tools;C:\Program Files\mosquitto;C:\apache-maven-3.9.11\bin;;."/>
    <property name="java.vm.info" value="mixed mode, sharing"/>
    <property name="java.vendor" value="Oracle Corporation"/>
    <property name="java.vm.version" value="17.0.12+8-LTS-286"/>
    <property name="sun.io.unicode.encoding" value="UnicodeLittle"/>
    <property name="java.class.version" value="61.0"/>
  </properties>
  <testcase name="addOrderShouldStoreOrder" classname="com.example.OrderServiceRefactorTest" time="0.033"/>
  <testcase name="removeOrderShouldReturnTrueIfExists" classname="com.example.OrderServiceRefactorTest" time="0.003"/>
  <testcase name="addOrderAllowsEmptyStringButLogsWarning" classname="com.example.OrderServiceRefactorTest" time="0.024">
    <system-err><![CDATA[Oct 01, 2025 11:07:46 PM com.example.OrderServiceRefactor addOrder
WARNING: Empty description for id=99
]]></system-err>
  </testcase>
  <testcase name="addOrderShouldRejectNullDescription" classname="com.example.OrderServiceRefactorTest" time="0.003"/>
  <testcase name="addOrderShouldRejectDuplicateId" classname="com.example.OrderServiceRefactorTest" time="0.001"/>
  <testcase name="printSizeLabelShouldPrintBigAndSmall" classname="com.example.OrderServiceRefactorTest" time="0.003">
    <system-err><![CDATA[Oct 01, 2025 11:07:46 PM com.example.OrderServiceRefactor printSizeLabel
INFO: Small number
Oct 01, 2025 11:07:46 PM com.example.OrderServiceRefactor printSizeLabel
INFO: Big number
Oct 01, 2025 11:07:46 PM com.example.OrderServiceRefactor printSizeLabel
INFO: Small number
Oct 01, 2025 11:07:46 PM com.example.OrderServiceRefactor printSizeLabel
INFO: Big number
]]></system-err>
  </testcase>
  <testcase name="getOrderShouldReturnEmptyOptionalWhenNotFound" classname="com.example.OrderServiceRefactorTest" time="0.001"/>
  <testcase name="safeQueryByNameShouldReturnParameterizedSql" classname="com.example.OrderServiceRefactorTest" time="0.003"/>
  <testcase name="removeOrderShouldReturnFalseIfNotExists" classname="com.example.OrderServiceRefactorTest" time="0.0"/>
</testsuite>